<?xml version="1.0" encoding="UTF-8"?>
<!-- Generated by org.testng.reporters.JUnitReportReporter -->
<testsuite skipped="0" hostname="GoparajuZ" name="pack1.prioritys" tests="2" failures="0" timestamp="26 Dec 2018 17:11:41 GMT" time="0.034" errors="0">
  <testcase name="m1" time="0.028" classname="pack1.prioritys"/>
  <testcase name="m2" time="0.006" classname="pack1.prioritys"/>
</testsuite> <!-- pack1.prioritys -->
