<?xml version="1.0" encoding="UTF-8"?>
<!-- Generated by org.testng.reporters.JUnitReportReporter -->
<testsuite skipped="0" hostname="GoparajuZ" name="Pack2.Dependentmethods" tests="1" failures="0" timestamp="26 Dec 2018 17:11:41 GMT" time="0.029" errors="0">
  <testcase name="depen" time="0.029" classname="Pack2.Dependentmethods"/>
</testsuite> <!-- Pack2.Dependentmethods -->
